2023-12-20 09:32:38 - [32minfo[39m - [32maplicação rodando na porta: 3000[39m
2023-12-20 09:33:21 - [32minfo[39m - [32mConectou[39m
2023-12-20 09:33:21 - [32minfo[39m - [32maplicação rodando na porta: 3000[39m
2023-12-20 09:33:31 - [32minfo[39m - [32mConectou[39m
2023-12-20 09:33:31 - [32minfo[39m - [32maplicação rodando na porta: 3000[39m
2023-12-20 09:33:40 - [32minfo[39m - [32mConectou[39m
2023-12-20 09:33:40 - [32minfo[39m - [32maplicação rodando na porta: 3000[39m
2023-12-20 09:34:04 - [31merror[39m - [31mNão foi possível conectar.[39m
2023-12-20 09:34:04 - [31merror[39m - [31mErro: Error: querySrv ENOTFOUND _mongodb._tcp.cluster0.sgp3hd.mongodb.net[39m
2023-12-20 09:34:04 - [32minfo[39m - [32maplicação rodando na porta: 3000[39m
2023-12-20 09:34:11 - [32minfo[39m - [32mConectou[39m
2023-12-20 09:34:11 - [32minfo[39m - [32maplicação rodando na porta: 3000[39m
2023-12-20 09:35:06 - [32minfo[39m - [32mConectou[39m
2023-12-20 09:35:06 - [32minfo[39m - [32maplicação rodando na porta: 3000[39m
2023-12-20 10:02:42 - [32minfo[39m - [32mConectou[39m
2023-12-20 10:02:42 - [32minfo[39m - [32maplicação rodando na porta: 3000[39m
2023-12-20 10:03:01 - [32minfo[39m - [32mConectou[39m
2023-12-20 10:03:01 - [32minfo[39m - [32maplicação rodando na porta: 3000[39m
2023-12-20 10:03:44 - [32minfo[39m - [32mConectou[39m
2023-12-20 10:03:44 - [32minfo[39m - [32maplicação rodando na porta: 3000[39m
2023-12-20 10:04:02 - [32minfo[39m - [32mConectou[39m
2023-12-20 10:04:02 - [32minfo[39m - [32maplicação rodando na porta: 3000[39m
2023-12-20 10:04:04 - [35mhttp[39m - [35mGET /api/test 200 6 - 1.607 ms[39m
[35m[39m
2023-12-20 10:04:05 - [35mhttp[39m - [35mGET /api/test 200 6 - 0.268 ms[39m
[35m[39m
2023-12-20 10:04:24 - [35mhttp[39m - [35mGET /api/test 200 6 - 0.364 ms[39m
[35m[39m
2023-12-20 10:23:02 - [32minfo[39m - [32mConectou[39m
2023-12-20 10:23:02 - [32minfo[39m - [32maplicação rodando na porta: 3000[39m
2023-12-20 10:24:27 - [35mhttp[39m - [35mGET /api/movie 404 148 - 2.510 ms[39m
[35m[39m
2023-12-20 10:24:31 - [35mhttp[39m - [35mPOST /api/movie 200 20 - 1.364 ms[39m
[35m[39m
2023-12-20 15:45:53 - [32minfo[39m - [32mConectou[39m
2023-12-20 15:45:53 - [32minfo[39m - [32maplicação rodando na porta: 3000[39m
2023-12-20 15:46:13 - [32minfo[39m - [32mConectou[39m
2023-12-20 15:46:13 - [32minfo[39m - [32maplicação rodando na porta: 3000[39m
2023-12-20 15:47:59 - [35mhttp[39m - [35mPOST /api/movie 201 150 - 28.002 ms[39m
[35m[39m
2023-12-20 16:14:21 - [32minfo[39m - [32mConectou[39m
2023-12-20 16:14:21 - [32minfo[39m - [32maplicação rodando na porta: 3000[39m
2023-12-20 16:14:38 - [35mhttp[39m - [35mPOST /api/movie 201 146 - 39.041 ms[39m
[35m[39m
2023-12-20 19:02:59 - [32minfo[39m - [32mConectou[39m
2023-12-20 19:02:59 - [32minfo[39m - [32maplicação rodando na porta: 3000[39m
2023-12-20 19:03:16 - [35mhttp[39m - [35mPOST /api/movie 422 51 - 4.679 ms[39m
[35m[39m
2023-12-20 19:09:06 - [32minfo[39m - [32mConectou[39m
2023-12-20 19:09:06 - [32minfo[39m - [32maplicação rodando na porta: 3000[39m
2023-12-20 19:09:39 - [32minfo[39m - [32mConectou[39m
2023-12-20 19:09:39 - [32minfo[39m - [32maplicação rodando na porta: 3000[39m
2023-12-20 19:09:41 - [32minfo[39m - [32mConectou[39m
2023-12-20 19:09:41 - [32minfo[39m - [32maplicação rodando na porta: 3000[39m
2023-12-20 19:12:12 - [32minfo[39m - [32mConectou[39m
2023-12-20 19:12:12 - [32minfo[39m - [32maplicação rodando na porta: 3000[39m
2023-12-20 19:12:19 - [35mhttp[39m - [35mPOST /api/movie 422 152 - 4.734 ms[39m
[35m[39m
2023-12-20 19:12:42 - [35mhttp[39m - [35mPOST /api/movie 201 159 - 36.697 ms[39m
[35m[39m
2023-12-20 19:12:47 - [35mhttp[39m - [35mPOST /api/movie 422 56 - 0.883 ms[39m
[35m[39m
2023-12-20 19:12:51 - [35mhttp[39m - [35mPOST /api/movie 422 56 - 0.839 ms[39m
[35m[39m
2023-12-20 19:14:27 - [32minfo[39m - [32mConectou[39m
2023-12-20 19:14:27 - [32minfo[39m - [32maplicação rodando na porta: 3000[39m
2023-12-20 19:14:49 - [35mhttp[39m - [35mPOST /api/movie 201 176 - 33.133 ms[39m
[35m[39m
2023-12-20 19:15:26 - [35mhttp[39m - [35mPOST /api/movie 201 176 - 17.689 ms[39m
[35m[39m
2023-12-20 19:15:30 - [35mhttp[39m - [35mPOST /api/movie 201 177 - 16.939 ms[39m
[35m[39m
2023-12-20 19:16:16 - [35mhttp[39m - [35mPOST /api/movie 422 55 - 0.959 ms[39m
[35m[39m
2023-12-20 19:17:33 - [32minfo[39m - [32mConectou[39m
2023-12-20 19:17:33 - [32minfo[39m - [32maplicação rodando na porta: 3000[39m
2023-12-20 19:17:35 - [35mhttp[39m - [35mPOST /api/movie 422 55 - 8.242 ms[39m
[35m[39m
2023-12-20 19:17:49 - [32minfo[39m - [32mConectou[39m
2023-12-20 19:17:49 - [32minfo[39m - [32maplicação rodando na porta: 3000[39m
2023-12-20 19:17:52 - [32minfo[39m - [32mConectou[39m
2023-12-20 19:17:52 - [32minfo[39m - [32maplicação rodando na porta: 3000[39m
2023-12-20 19:17:57 - [32minfo[39m - [32mConectou[39m
2023-12-20 19:17:57 - [32minfo[39m - [32maplicação rodando na porta: 3000[39m
2023-12-20 19:17:58 - [35mhttp[39m - [35mPOST /api/movie 422 58 - 5.037 ms[39m
[35m[39m
2023-12-20 19:18:27 - [32minfo[39m - [32mConectou[39m
2023-12-20 19:18:27 - [32minfo[39m - [32maplicação rodando na porta: 3000[39m
2023-12-20 19:20:11 - [35mhttp[39m - [35mPOST /api/movie 422 53 - 5.813 ms[39m
[35m[39m
2023-12-20 19:20:28 - [35mhttp[39m - [35mPOST /api/movie 422 53 - 1.445 ms[39m
[35m[39m
2023-12-20 19:21:14 - [35mhttp[39m - [35mPOST /api/movie 201 303 - 38.371 ms[39m
[35m[39m
2023-12-20 19:51:56 - [32minfo[39m - [32mConectou[39m
2023-12-20 19:51:56 - [32minfo[39m - [32maplicação rodando na porta: 3000[39m
2023-12-20 19:57:52 - [32minfo[39m - [32mConectou[39m
2023-12-20 19:57:52 - [32minfo[39m - [32maplicação rodando na porta: 3000[39m
2023-12-20 20:02:18 - [35mhttp[39m - [35mPOST /api/movie 201 303 - 38.543 ms[39m
[35m[39m
2023-12-20 20:03:19 - [32minfo[39m - [32mConectou[39m
2023-12-20 20:03:19 - [32minfo[39m - [32maplicação rodando na porta: 3000[39m
2023-12-20 20:04:24 - [31merror[39m - [31mErro no sistema: Cast to ObjectId failed for value "6583" (type string) at path "_id" for model "Movie"[39m
2023-12-20 20:04:25 - [31merror[39m - [31mErro no sistema: Cast to ObjectId failed for value "6583" (type string) at path "_id" for model "Movie"[39m
2023-12-20 20:04:50 - [32minfo[39m - [32mConectou[39m
2023-12-20 20:04:50 - [32minfo[39m - [32maplicação rodando na porta: 3000[39m
2023-12-20 20:04:51 - [31merror[39m - [31mErro no sistema: Cast to ObjectId failed for value "6583" (type string) at path "_id" for model "Movie"[39m
2023-12-20 20:05:28 - [35mhttp[39m - [35mGET /api//movie/6583727a2e494affe73f28bd 404 32 - 13.323 ms[39m
[35m[39m
2023-12-20 20:05:33 - [31merror[39m - [31mErro no sistema: Cast to ObjectId failed for value "d" (type string) at path "_id" for model "Movie"[39m
2023-12-20 20:05:42 - [35mhttp[39m - [35mGET /api//movie/6583727a2e494affe73f28bd 404 32 - 11.755 ms[39m
[35m[39m
2023-12-20 20:06:35 - [32minfo[39m - [32mConectou[39m
2023-12-20 20:06:35 - [32minfo[39m - [32maplicação rodando na porta: 3000[39m
2023-12-20 20:06:38 - [35mhttp[39m - [35mGET /api//movie/6583727a2e494affe73f28b9 200 303 - 21.470 ms[39m
[35m[39m
2023-12-20 20:12:42 - [32minfo[39m - [32mConectou[39m
2023-12-20 20:12:42 - [32minfo[39m - [32maplicação rodando na porta: 3000[39m
2023-12-20 20:13:40 - [32minfo[39m - [32mConectou[39m
2023-12-20 20:13:40 - [32minfo[39m - [32maplicação rodando na porta: 3000[39m
2023-12-20 20:15:13 - [32minfo[39m - [32mConectou[39m
2023-12-20 20:15:13 - [32minfo[39m - [32maplicação rodando na porta: 3000[39m
2023-12-20 20:15:49 - [35mhttp[39m - [35mGET /api//movie 200 305 - 20.524 ms[39m
[35m[39m
2023-12-20 20:15:55 - [35mhttp[39m - [35mPOST /api/movie 201 303 - 27.430 ms[39m
[35m[39m
2023-12-20 20:15:57 - [35mhttp[39m - [35mGET /api//movie 200 609 - 9.824 ms[39m
[35m[39m
2023-12-20 20:18:02 - [32minfo[39m - [32mConectou[39m
2023-12-20 20:18:02 - [32minfo[39m - [32maplicação rodando na porta: 3000[39m
2023-12-22 10:17:42 - [35mhttp[39m - [35mGET /api/test 200 6 - 1.702 ms[39m
[35m[39m
2023-12-22 10:17:55 - [31merror[39m - [31mNão foi possível conectar.[39m
2023-12-22 10:19:25 - [32minfo[39m - [32mConectou[39m
2023-12-22 10:19:25 - [32minfo[39m - [32maplicação rodando na porta: 3000[39m
2023-12-22 10:20:43 - [32minfo[39m - [32mConectou[39m
2023-12-22 10:20:43 - [32minfo[39m - [32maplicação rodando na porta: 3000[39m
2023-12-22 10:21:12 - [32minfo[39m - [32mConectou[39m
2023-12-22 10:21:12 - [32minfo[39m - [32maplicação rodando na porta: 3000[39m
2023-12-22 10:25:43 - [32minfo[39m - [32mConectou[39m
2023-12-22 10:25:43 - [32minfo[39m - [32maplicação rodando na porta: 3000[39m
2023-12-22 10:26:20 - [32minfo[39m - [32mConectou[39m
2023-12-22 10:26:20 - [32minfo[39m - [32maplicação rodando na porta: 3000[39m
2023-12-22 10:29:13 - [32minfo[39m - [32mConectou[39m
2023-12-22 10:29:13 - [32minfo[39m - [32maplicação rodando na porta: 3000[39m
2023-12-22 10:41:09 - [35mhttp[39m - [35mGET /api//movie/6583727a2e494affe73f28b9 200 303 - 21.967 ms[39m
[35m[39m
2023-12-22 10:41:22 - [35mhttp[39m - [35mGET /api//movie/6583727a2e494affe73f28b0 404 32 - 12.372 ms[39m
[35m[39m
2023-12-22 10:41:29 - [35mhttp[39m - [35mGET /api//movie6583727a2e494affe73f28b9 404 173 - 0.674 ms[39m
[35m[39m
2023-12-22 10:42:09 - [32minfo[39m - [32mConectou[39m
2023-12-22 10:42:09 - [32minfo[39m - [32maplicação rodando na porta: 3000[39m
2023-12-22 10:43:04 - [32minfo[39m - [32mConectou[39m
2023-12-22 10:43:04 - [32minfo[39m - [32maplicação rodando na porta: 3000[39m
2023-12-22 10:43:35 - [32minfo[39m - [32mConectou[39m
2023-12-22 10:43:35 - [32minfo[39m - [32maplicação rodando na porta: 3000[39m
2023-12-22 10:43:37 - [35mhttp[39m - [35mGET /api//movie/6583727a2e494affe73f28b9 200 303 - 22.080 ms[39m
[35m[39m
2023-12-22 10:44:06 - [32minfo[39m - [32mConectou[39m
2023-12-22 10:44:06 - [32minfo[39m - [32maplicação rodando na porta: 3000[39m
2023-12-22 10:44:06 - [35mhttp[39m - [35mGET /api//movie/6583727a2e494affe73f28b9 200 303 - 19.185 ms[39m
[35m[39m
2023-12-22 10:44:08 - [35mhttp[39m - [35mGET /api//movie/6583727a2e494affe73f28b9 200 303 - 10.924 ms[39m
[35m[39m
2023-12-22 10:44:09 - [35mhttp[39m - [35mGET /api//movie/6583727a2e494affe73f28b9 200 303 - 11.148 ms[39m
[35m[39m
2023-12-22 10:44:18 - [32minfo[39m - [32mConectou[39m
2023-12-22 10:44:18 - [32minfo[39m - [32maplicação rodando na porta: 3000[39m
2023-12-22 10:46:18 - [32minfo[39m - [32mConectou[39m
2023-12-22 10:46:18 - [32minfo[39m - [32maplicação rodando na porta: 3000[39m
2023-12-22 10:46:20 - [35mhttp[39m - [35mGET /api//movie/6583727a2e494affe73f28b9 200 303 - 18.788 ms[39m
[35m[39m
2023-12-22 10:46:22 - [35mhttp[39m - [35mGET /api//movie/6583727a2e494affe73f28b9 200 303 - 11.091 ms[39m
[35m[39m
2023-12-22 10:47:59 - [32minfo[39m - [32mConectou[39m
2023-12-22 10:47:59 - [32minfo[39m - [32maplicação rodando na porta: 3000[39m
2023-12-22 10:48:13 - [32minfo[39m - [32mConectou[39m
2023-12-22 10:48:13 - [32minfo[39m - [32maplicação rodando na porta: 3000[39m
2023-12-22 10:48:14 - [35mhttp[39m - [35mGET /api//movie/6583727a2e494affe73f28b9 200 303 - 20.073 ms[39m
[35m[39m
2023-12-22 10:48:14 - [35mhttp[39m - [35mGET /api//movie/6583727a2e494affe73f28b9 200 303 - 11.399 ms[39m
[35m[39m
2023-12-22 10:48:16 - [35mhttp[39m - [35mGET /api//movie/6583727a2e494affe73f28b9 200 303 - 11.977 ms[39m
[35m[39m
2023-12-22 10:48:38 - [32minfo[39m - [32mConectou[39m
2023-12-22 10:48:38 - [32minfo[39m - [32maplicação rodando na porta: 3000[39m
2023-12-22 10:48:39 - [35mhttp[39m - [35mGET /api//movie/6583727a2e494affe73f28b9 200 303 - 20.348 ms[39m
[35m[39m
2023-12-22 10:48:40 - [35mhttp[39m - [35mGET /api//movie/6583727a2e494affe73f28b9 200 303 - 11.944 ms[39m
[35m[39m
2023-12-22 10:48:50 - [32minfo[39m - [32mConectou[39m
2023-12-22 10:48:50 - [32minfo[39m - [32maplicação rodando na porta: 3000[39m
2023-12-22 10:49:02 - [32minfo[39m - [32mConectou[39m
2023-12-22 10:49:02 - [32minfo[39m - [32maplicação rodando na porta: 3000[39m
2023-12-22 10:49:02 - [35mhttp[39m - [35mGET /api//movie/6583727a2e494affe73f28b9 200 303 - 20.967 ms[39m
[35m[39m
2023-12-22 10:49:11 - [32minfo[39m - [32mConectou[39m
2023-12-22 10:49:11 - [32minfo[39m - [32maplicação rodando na porta: 3000[39m
2023-12-22 10:49:57 - [32minfo[39m - [32mConectou[39m
2023-12-22 10:49:57 - [32minfo[39m - [32maplicação rodando na porta: 3000[39m
2023-12-22 10:50:00 - [35mhttp[39m - [35mGET /api//movie/6583727a2e494affe73f28b9 200 303 - 53.262 ms[39m
[35m[39m
2023-12-22 10:56:59 - [32minfo[39m - [32mConectou[39m
2023-12-22 10:56:59 - [32minfo[39m - [32maplicação rodando na porta: 3000[39m
2023-12-22 10:57:01 - [35mhttp[39m - [35mGET /api//movie/658375ab5cab92dbc4243d02 200 303 - 22.792 ms[39m
[35m[39m
2023-12-22 10:57:28 - [32minfo[39m - [32mConectou[39m
2023-12-22 10:57:28 - [32minfo[39m - [32maplicação rodando na porta: 3000[39m
2023-12-22 10:57:29 - [35mhttp[39m - [35mGET /api//movie/658375ab5cab92dbc4243d02 200 303 - 20.138 ms[39m
[35m[39m
2023-12-22 10:57:30 - [35mhttp[39m - [35mGET /api//movie/658375ab5cab92dbc4243d02 200 303 - 12.039 ms[39m
[35m[39m
2023-12-22 10:57:31 - [35mhttp[39m - [35mGET /api//movie/658375ab5cab92dbc4243d02 200 303 - 13.133 ms[39m
[35m[39m
2023-12-22 10:57:32 - [35mhttp[39m - [35mGET /api//movie/658375ab5cab92dbc4243d02 200 303 - 12.412 ms[39m
[35m[39m
2023-12-22 10:57:37 - [31merror[39m - [31mErro no sistema: Cast to ObjectId failed for value "658375ab5cab92dbc4243d0" (type string) at path "_id" for model "Movie"[39m
2023-12-22 10:57:42 - [35mhttp[39m - [35mGET /api//movie/658375ab5cab92dbc4243d04 404 32 - 12.540 ms[39m
[35m[39m
2023-12-22 10:58:01 - [35mhttp[39m - [35mGET /api//movie/658375ab5cab92dbc4243d04 404 32 - 11.981 ms[39m
[35m[39m
2023-12-22 10:59:44 - [32minfo[39m - [32mConectou[39m
2023-12-22 10:59:44 - [32minfo[39m - [32maplicação rodando na porta: 3000[39m
2023-12-22 10:59:59 - [35mhttp[39m - [35mGET /api//movie/movie/658375ab5cab92dbc4243d02 404 180 - 1.411 ms[39m
[35m[39m
2023-12-22 11:00:12 - [35mhttp[39m - [35mGET /api//movie/movie/6583727a2e494affe73f28b9 404 180 - 0.263 ms[39m
[35m[39m
2023-12-22 11:00:33 - [35mhttp[39m - [35mGET /api//movie/6583727a2e494affe73f28b9 200 303 - 21.501 ms[39m
[35m[39m
2023-12-22 11:08:35 - [32minfo[39m - [32mConectou[39m
2023-12-22 11:08:35 - [32minfo[39m - [32maplicação rodando na porta: 3000[39m
2023-12-22 11:08:58 - [32minfo[39m - [32mConectou[39m
2023-12-22 11:08:58 - [32minfo[39m - [32maplicação rodando na porta: 3000[39m
2023-12-22 11:10:46 - [32minfo[39m - [32mConectou[39m
2023-12-22 11:10:46 - [32minfo[39m - [32maplicação rodando na porta: 3000[39m
2023-12-22 11:12:00 - [32minfo[39m - [32mConectou[39m
2023-12-22 11:12:00 - [32minfo[39m - [32maplicação rodando na porta: 3000[39m
2023-12-22 11:12:03 - [35mhttp[39m - [35mGET /api//movie/6583727a2e494affe73f28b9 200 303 - 32.168 ms[39m
[35m[39m
2023-12-22 11:12:19 - [32minfo[39m - [32mConectou[39m
2023-12-22 11:12:19 - [32minfo[39m - [32maplicação rodando na porta: 3000[39m
2023-12-22 11:12:21 - [35mhttp[39m - [35mGET /api//movie/6583727a2e494affe73f28b9 200 303 - 25.644 ms[39m
[35m[39m
2023-12-22 11:12:21 - [35mhttp[39m - [35mGET /api//movie/6583727a2e494affe73f28b9 200 303 - 11.516 ms[39m
[35m[39m
2023-12-22 11:12:22 - [35mhttp[39m - [35mGET /api//movie/6583727a2e494affe73f28b9 200 303 - 11.738 ms[39m
[35m[39m
2023-12-22 11:12:55 - [32minfo[39m - [32mErro no sistema: (0 , mongoose_1.deleteOne) is not a function[39m
2023-12-22 11:13:15 - [32minfo[39m - [32mConectou[39m
2023-12-22 11:13:15 - [32minfo[39m - [32maplicação rodando na porta: 3000[39m
2023-12-22 11:13:56 - [32minfo[39m - [32mConectou[39m
2023-12-22 11:13:56 - [32minfo[39m - [32maplicação rodando na porta: 3000[39m
2023-12-22 11:14:08 - [32minfo[39m - [32mConectou[39m
2023-12-22 11:14:08 - [32minfo[39m - [32maplicação rodando na porta: 3000[39m
2023-12-22 11:14:09 - [32minfo[39m - [32mErro no sistema: (0 , mongodb_1.default) is not a function[39m
2023-12-22 11:14:21 - [32minfo[39m - [32mConectou[39m
2023-12-22 11:14:21 - [32minfo[39m - [32maplicação rodando na porta: 3000[39m
2023-12-22 11:14:38 - [32minfo[39m - [32mConectou[39m
2023-12-22 11:14:38 - [32minfo[39m - [32maplicação rodando na porta: 3000[39m
2023-12-22 11:14:40 - [31merror[39m - [31mErro no sistema: movie.delete is not a function[39m
2023-12-22 11:14:40 - [35mhttp[39m - [35mDELETE /api//movie/6583727a2e494affe73f28b9 500 40 - 20.897 ms[39m
[35m[39m
2023-12-22 11:15:02 - [31merror[39m - [31mErro no sistema: movie.delete is not a function[39m
2023-12-22 11:15:02 - [35mhttp[39m - [35mDELETE /api//movie/658375ab5cab92dbc4243d02 500 40 - 56.307 ms[39m
[35m[39m
2023-12-22 11:15:39 - [32minfo[39m - [32mConectou[39m
2023-12-22 11:15:39 - [32minfo[39m - [32maplicação rodando na porta: 3000[39m
2023-12-22 11:42:44 - [35mhttp[39m - [35mGET /api//movie/6583727a2e494affe73f28b9 200 303 - 21.356 ms[39m
[35m[39m
2023-12-22 11:42:53 - [31merror[39m - [31mErro no sistema: movie.delete is not a function[39m
2023-12-22 11:42:53 - [35mhttp[39m - [35mDELETE /api//movie/6583727a2e494affe73f28b9 500 40 - 13.052 ms[39m
[35m[39m
2023-12-22 11:43:52 - [32minfo[39m - [32mConectou[39m
2023-12-22 11:43:52 - [32minfo[39m - [32maplicação rodando na porta: 3000[39m
2023-12-22 11:43:52 - [35mhttp[39m - [35mDELETE /api//movie/6583727a2e494affe73f28b9 200 37 - 521.259 ms[39m
[35m[39m
2023-12-22 11:51:06 - [32minfo[39m - [32mConectou[39m
2023-12-22 11:51:06 - [32minfo[39m - [32maplicação rodando na porta: 3000[39m
2023-12-22 11:51:07 - [32minfo[39m - [32mErro no sistema: Cast to ObjectId failed for value "58375ab5cab92dbc4243d02" (type string) at path "_id" for model "Movie"[39m
2023-12-22 11:51:17 - [32minfo[39m - [32mErro no sistema: Cast to ObjectId failed for value "58375ab5cab92dbc4243d03" (type string) at path "_id" for model "Movie"[39m
2023-12-22 11:51:20 - [32minfo[39m - [32mErro no sistema: Cast to ObjectId failed for value "58375ab5cab92dbc4243d03" (type string) at path "_id" for model "Movie"[39m
2023-12-22 11:51:41 - [31merror[39m - [31mErro no sistema: Cast to ObjectId failed for value "58375ab5cab92dbc4243d03" (type string) at path "_id" for model "Movie"[39m
2023-12-22 11:52:16 - [31merror[39m - [31mErro no sistema: Cast to ObjectId failed for value "58375ab5cab92dbc4243d03" (type string) at path "_id" for model "Movie"[39m
2023-12-22 11:52:34 - [31merror[39m - [31mErro no sistema: Cast to ObjectId failed for value "58375ab5cab92dbc4243d03" (type string) at path "_id" for model "Movie"[39m
2023-12-22 11:52:52 - [35mhttp[39m - [35mGET /api/movie/658375ab5cab92dbc4243d02 200 303 - 19.592 ms[39m
[35m[39m
2023-12-22 11:53:03 - [35mhttp[39m - [35mPATCH /api/movie/658375ab5cab92dbc4243d02 200 52 - 34.538 ms[39m
[35m[39m
2023-12-22 11:53:16 - [35mhttp[39m - [35mPATCH /api/movie/658375ab5cab92dbc4243d02 200 52 - 30.905 ms[39m
[35m[39m
2023-12-22 11:53:17 - [35mhttp[39m - [35mPATCH /api/movie/658375ab5cab92dbc4243d02 200 52 - 28.022 ms[39m
[35m[39m
2023-12-22 11:53:33 - [35mhttp[39m - [35mGET /api/movie/658375ab5cab92dbc4243d02 200 303 - 11.888 ms[39m
[35m[39m
2023-12-22 11:53:49 - [35mhttp[39m - [35mPATCH /api/movie/658375ab5cab92dbc4243d02 200 306 - 27.976 ms[39m
[35m[39m
2023-12-22 11:54:07 - [35mhttp[39m - [35mPATCH /api/movie/58375ab5cab92dbc4243d02 - - - - ms[39m
[35m[39m
2023-12-22 11:54:17 - [35mhttp[39m - [35mPATCH /api/movie/58375ab5cab92dbc4243d03 - - - - ms[39m
[35m[39m
2023-12-22 11:54:20 - [35mhttp[39m - [35mPATCH /api/movie/58375ab5cab92dbc4243d03 - - - - ms[39m
[35m[39m
2023-12-22 11:54:37 - [32minfo[39m - [32mConectou[39m
2023-12-22 11:54:37 - [32minfo[39m - [32maplicação rodando na porta: 3000[39m
2023-12-22 11:54:38 - [35mhttp[39m - [35mPATCH /api/movie/658375ab5cab92dbc4243d02 200 306 - 45.863 ms[39m
[35m[39m
2023-12-22 11:54:45 - [32minfo[39m - [32mErro no sistema: Cast to ObjectId failed for value "54" (type number) at path "_id" because of "BSONError"[39m
2023-12-22 11:55:49 - [32minfo[39m - [32mConectou[39m
2023-12-22 11:55:49 - [32minfo[39m - [32maplicação rodando na porta: 3000[39m
2023-12-22 11:55:50 - [32minfo[39m - [32mErro no sistema: Cast to ObjectId failed for value "54" (type number) at path "_id" because of "BSONError"[39m
2023-12-22 11:55:57 - [32minfo[39m - [32mConectou[39m
2023-12-22 11:55:57 - [32minfo[39m - [32maplicação rodando na porta: 3000[39m
2023-12-22 11:56:01 - [32minfo[39m - [32mConectou[39m
2023-12-22 11:56:01 - [32minfo[39m - [32maplicação rodando na porta: 3000[39m
2023-12-22 11:56:02 - [32minfo[39m - [32mErro no sistema: Cast to ObjectId failed for value "54" (type number) at path "_id" because of "BSONError"[39m
2023-12-22 11:57:48 - [35mhttp[39m - [35mGET /api/movie/658375ab5cab92dbc4243d02 200 306 - 14.998 ms[39m
[35m[39m
2023-12-22 11:57:52 - [32minfo[39m - [32mErro no sistema: Cast to ObjectId failed for value "54" (type number) at path "_id" because of "BSONError"[39m
2023-12-22 11:58:25 - [32minfo[39m - [32mConectou[39m
2023-12-22 11:58:25 - [32minfo[39m - [32maplicação rodando na porta: 3000[39m
2023-12-22 11:58:27 - [32minfo[39m - [32mErro no sistema: Cast to ObjectId failed for value "54" (type number) at path "_id" because of "BSONError"[39m
2023-12-22 11:59:40 - [32minfo[39m - [32mConectou[39m
2023-12-22 11:59:40 - [32minfo[39m - [32maplicação rodando na porta: 3000[39m
